# JRE version: OpenJDK Runtime Environment (8.0_112-b06) (build 1.8.0_112-release-b06)
# Java VM: OpenJDK 64-Bit Server VM (25.112-b06 mixed mode windows-amd64 compressed oops)
Heap:
 PSYoungGen      total 482304K, used 48738K [0x00000000e0000000, 0x00000000ffb80000, 0x0000000100000000)
  eden space 448000K, 9% used [0x00000000e0000000,0x00000000e2950a90,0x00000000fb580000)
  from space 34304K, 18% used [0x00000000fda00000,0x00000000fe048000,0x00000000ffb80000)
  to   space 35840K, 0% used [0x00000000fb580000,0x00000000fb580000,0x00000000fd880000)
 ParOldGen       total 111104K, used 90489K [0x00000000a0000000, 0x00000000a6c80000, 0x00000000e0000000)
  object space 111104K, 81% used [0x00000000a0000000,0x00000000a585e508,0x00000000a6c80000)
 Metaspace       used 74364K, capacity 78334K, committed 78592K, reserved 1118208K
  class space    used 9421K, capacity 10132K, committed 10240K, reserved 1048576K
GC Heap History (10 events):
Event: 1585.899 GC heap before
{Heap before GC invocations=29 (full 3):
 PSYoungGen      total 414720K, used 398551K [0x00000000e0000000, 0x0000000100000000, 0x0000000100000000)
  eden space 373760K, 100% used [0x00000000e0000000,0x00000000f6d00000,0x00000000f6d00000)
  from space 40960K, 60% used [0x00000000f6d00000,0x00000000f8535db8,0x00000000f9500000)
  to   space 41984K, 0% used [0x00000000fd700000,0x00000000fd700000,0x0000000100000000)
 ParOldGen       total 111104K, used 81184K [0x00000000a0000000, 0x00000000a6c80000, 0x00000000e0000000)
  object space 111104K, 73% used [0x00000000a0000000,0x00000000a4f482a0,0x00000000a6c80000)
 Metaspace       used 73299K, capacity 76566K, committed 76800K, reserved 1116160K
  class space    used 9302K, capacity 9912K, committed 9984K, reserved 1048576K
Event: 1585.922 GC heap after
Heap after GC invocations=29 (full 3):
 PSYoungGen      total 473088K, used 9457K [0x00000000e0000000, 0x00000000ffa00000, 0x0000000100000000)
  eden space 437248K, 0% used [0x00000000e0000000,0x00000000e0000000,0x00000000fab00000)
  from space 35840K, 26% used [0x00000000fd700000,0x00000000fe03c710,0x00000000ffa00000)
  to   space 40448K, 0% used [0x00000000fab00000,0x00000000fab00000,0x00000000fd280000)
 ParOldGen       total 111104K, used 82812K [0x00000000a0000000, 0x00000000a6c80000, 0x00000000e0000000)
  object space 111104K, 74% used [0x00000000a0000000,0x00000000a50df320,0x00000000a6c80000)
 Metaspace       used 73299K, capacity 76566K, committed 76800K, reserved 1116160K
  class space    used 9302K, capacity 9912K, committed 9984K, reserved 1048576K
}
Event: 1586.297 GC heap before
{Heap before GC invocations=30 (full 3):
 PSYoungGen      total 473088K, used 445788K [0x00000000e0000000, 0x00000000ffa00000, 0x0000000100000000)
  eden space 437248K, 99% used [0x00000000e0000000,0x00000000faa1aa80,0x00000000fab00000)
  from space 35840K, 26% used [0x00000000fd700000,0x00000000fe03c710,0x00000000ffa00000)
  to   space 40448K, 0% used [0x00000000fab00000,0x00000000fab00000,0x00000000fd280000)
 ParOldGen       total 111104K, used 82812K [0x00000000a0000000, 0x00000000a6c80000, 0x00000000e0000000)
  object space 111104K, 74% used [0x00000000a0000000,0x00000000a50df320,0x00000000a6c80000)
 Metaspace       used 73332K, capacity 76572K, committed 76800K, reserved 1116160K
  class space    used 9303K, capacity 9913K, committed 9984K, reserved 1048576K
Event: 1586.312 GC heap after
Heap after GC invocations=30 (full 3):
 PSYoungGen      total 477696K, used 3181K [0x00000000e0000000, 0x0000000100000000, 0x0000000100000000)
  eden space 437248K, 0% used [0x00000000e0000000,0x00000000e0000000,0x00000000fab00000)
  from space 40448K, 7% used [0x00000000fab00000,0x00000000fae1b5c8,0x00000000fd280000)
  to   space 39936K, 0% used [0x00000000fd900000,0x00000000fd900000,0x0000000100000000)
 ParOldGen       total 111104K, used 89093K [0x00000000a0000000, 0x00000000a6c80000, 0x00000000e0000000)
  object space 111104K, 80% used [0x00000000a0000000,0x00000000a57014e8,0x00000000a6c80000)
 Metaspace       used 73332K, capacity 76572K, committed 76800K, reserved 1116160K
  class space    used 9303K, capacity 9913K, committed 9984K, reserved 1048576K
}
Event: 1767.301 GC heap before
{Heap before GC invocations=31 (full 3):
 PSYoungGen      total 477696K, used 440429K [0x00000000e0000000, 0x0000000100000000, 0x0000000100000000)
  eden space 437248K, 100% used [0x00000000e0000000,0x00000000fab00000,0x00000000fab00000)
  from space 40448K, 7% used [0x00000000fab00000,0x00000000fae1b5c8,0x00000000fd280000)
  to   space 39936K, 0% used [0x00000000fd900000,0x00000000fd900000,0x0000000100000000)
 ParOldGen       total 111104K, used 89093K [0x00000000a0000000, 0x00000000a6c80000, 0x00000000e0000000)
  object space 111104K, 80% used [0x00000000a0000000,0x00000000a57014e8,0x00000000a6c80000)
 Metaspace       used 73860K, capacity 77454K, committed 77696K, reserved 1116160K
  class space    used 9363K, capacity 10036K, committed 10112K, reserved 1048576K
Event: 1767.357 GC heap after
Heap after GC invocations=31 (full 3):
 PSYoungGen      total 481280K, used 4375K [0x00000000e0000000, 0x00000000ffd80000, 0x0000000100000000)
  eden space 443904K, 0% used [0x00000000e0000000,0x00000000e0000000,0x00000000fb180000)
  from space 37376K, 11% used [0x00000000fd900000,0x00000000fdd45fa8,0x00000000ffd80000)
  to   space 38912K, 0% used [0x00000000fb180000,0x00000000fb180000,0x00000000fd780000)
 ParOldGen       total 111104K, used 90005K [0x00000000a0000000, 0x00000000a6c80000, 0x00000000e0000000)
  object space 111104K, 81% used [0x00000000a0000000,0x00000000a57e54f8,0x00000000a6c80000)
 Metaspace       used 73860K, capacity 77454K, committed 77696K, reserved 1116160K
  class space    used 9363K, capacity 10036K, committed 10112K, reserved 1048576K
}
Event: 1903.408 GC heap before
{Heap before GC invocations=32 (full 3):
 PSYoungGen      total 481280K, used 447460K [0x00000000e0000000, 0x00000000ffd80000, 0x0000000100000000)
  eden space 443904K, 99% used [0x00000000e0000000,0x00000000fb0b32d8,0x00000000fb180000)
  from space 37376K, 11% used [0x00000000fd900000,0x00000000fdd45fa8,0x00000000ffd80000)
  to   space 38912K, 0% used [0x00000000fb180000,0x00000000fb180000,0x00000000fd780000)
 ParOldGen       total 111104K, used 90005K [0x00000000a0000000, 0x00000000a6c80000, 0x00000000e0000000)
  object space 111104K, 81% used [0x00000000a0000000,0x00000000a57e54f8,0x00000000a6c80000)
 Metaspace       used 74293K, capacity 78176K, committed 78336K, reserved 1118208K
  class space    used 9417K, capacity 10127K, committed 10240K, reserved 1048576K
Event: 1903.472 GC heap after
Heap after GC invocations=32 (full 3):
 PSYoungGen      total 482816K, used 8500K [0x00000000e0000000, 0x00000000ffe80000, 0x0000000100000000)
  eden space 443904K, 0% used [0x00000000e0000000,0x00000000e0000000,0x00000000fb180000)
  from space 38912K, 21% used [0x00000000fb180000,0x00000000fb9cd210,0x00000000fd780000)
  to   space 37376K, 0% used [0x00000000fda00000,0x00000000fda00000,0x00000000ffe80000)
 ParOldGen       total 111104K, used 90481K [0x00000000a0000000, 0x00000000a6c80000, 0x00000000e0000000)
  object space 111104K, 81% used [0x00000000a0000000,0x00000000a585c508,0x00000000a6c80000)
 Metaspace       used 74293K, capacity 78176K, committed 78336K, reserved 1118208K
  class space    used 9417K, capacity 10127K, committed 10240K, reserved 1048576K
}
Event: 1905.262 GC heap before
{Heap before GC invocations=33 (full 3):
 PSYoungGen      total 482816K, used 452404K [0x00000000e0000000, 0x00000000ffe80000, 0x0000000100000000)
  eden space 443904K, 100% used [0x00000000e0000000,0x00000000fb180000,0x00000000fb180000)
  from space 38912K, 21% used [0x00000000fb180000,0x00000000fb9cd210,0x00000000fd780000)
  to   space 37376K, 0% used [0x00000000fda00000,0x00000000fda00000,0x00000000ffe80000)
 ParOldGen       total 111104K, used 90481K [0x00000000a0000000, 0x00000000a6c80000, 0x00000000e0000000)
  object space 111104K, 81% used [0x00000000a0000000,0x00000000a585c508,0x00000000a6c80000)
 Metaspace       used 74326K, capacity 78270K, committed 78592K, reserved 1118208K
  class space    used 9421K, capacity 10132K, committed 10240K, reserved 1048576K
Event: 1905.394 GC heap after
Heap after GC invocations=33 (full 3):
 PSYoungGen      total 482304K, used 6432K [0x00000000e0000000, 0x00000000ffb80000, 0x0000000100000000)
  eden space 448000K, 0% used [0x00000000e0000000,0x00000000e0000000,0x00000000fb580000)
  from space 34304K, 18% used [0x00000000fda00000,0x00000000fe048000,0x00000000ffb80000)
  to   space 35840K, 0% used [0x00000000fb580000,0x00000000fb580000,0x00000000fd880000)
 ParOldGen       total 111104K, used 90489K [0x00000000a0000000, 0x00000000a6c80000, 0x00000000e0000000)
  object space 111104K, 81% used [0x00000000a0000000,0x00000000a585e508,0x00000000a6c80000)
 Metaspace       used 74326K, capacity 78270K, committed 78592K, reserved 1118208K
  class space    used 9421K, capacity 10132K, committed 10240K, reserved 1048576K
}

