# JRE version: OpenJDK Runtime Environment (8.0_76-b03) (build 1.8.0_76-release-b03)
# Java VM: OpenJDK 64-Bit Server VM (25.76-b03 mixed mode windows-amd64 compressed oops)
Heap:
 PSYoungGen      total 471040K, used 313361K [0x00000000e0000000, 0x0000000100000000, 0x0000000100000000)
  eden space 423936K, 73% used [0x00000000e0000000,0x00000000f32046c0,0x00000000f9e00000)
  from space 47104K, 0% used [0x00000000f9e00000,0x00000000f9e00000,0x00000000fcc00000)
  to   space 53248K, 0% used [0x00000000fcc00000,0x00000000fcc00000,0x0000000100000000)
 ParOldGen       total 156672K, used 105887K [0x00000000a0000000, 0x00000000a9900000, 0x00000000e0000000)
  object space 156672K, 67% used [0x00000000a0000000,0x00000000a6767ca0,0x00000000a9900000)
 Metaspace       used 71126K, capacity 73910K, committed 74240K, reserved 1114112K
  class space    used 9050K, capacity 9674K, committed 9728K, reserved 1048576K
GC Heap History (10 events):
Event: 567.748 GC heap before
{Heap before GC invocations=30 (full 5):
 PSYoungGen      total 369152K, used 341631K [0x00000000e0000000, 0x00000000f8d80000, 0x0000000100000000)
  eden space 339456K, 100% used [0x00000000e0000000,0x00000000f4b80000,0x00000000f4b80000)
  from space 29696K, 7% used [0x00000000f7080000,0x00000000f729fce0,0x00000000f8d80000)
  to   space 33792K, 0% used [0x00000000f4b80000,0x00000000f4b80000,0x00000000f6c80000)
 ParOldGen       total 156672K, used 105235K [0x00000000a0000000, 0x00000000a9900000, 0x00000000e0000000)
  object space 156672K, 67% used [0x00000000a0000000,0x00000000a66c4d60,0x00000000a9900000)
 Metaspace       used 70915K, capacity 73662K, committed 73984K, reserved 1114112K
  class space    used 9049K, capacity 9652K, committed 9728K, reserved 1048576K
Event: 567.798 GC heap after
Heap after GC invocations=30 (full 5):
 PSYoungGen      total 373248K, used 17976K [0x00000000e0000000, 0x00000000ffa00000, 0x0000000100000000)
  eden space 339456K, 0% used [0x00000000e0000000,0x00000000e0000000,0x00000000f4b80000)
  from space 33792K, 53% used [0x00000000f4b80000,0x00000000f5d0e1d0,0x00000000f6c80000)
  to   space 34304K, 0% used [0x00000000fd880000,0x00000000fd880000,0x00000000ffa00000)
 ParOldGen       total 156672K, used 106167K [0x00000000a0000000, 0x00000000a9900000, 0x00000000e0000000)
  object space 156672K, 67% used [0x00000000a0000000,0x00000000a67adf48,0x00000000a9900000)
 Metaspace       used 70915K, capacity 73662K, committed 73984K, reserved 1114112K
  class space    used 9049K, capacity 9652K, committed 9728K, reserved 1048576K
}
Event: 569.389 GC heap before
{Heap before GC invocations=31 (full 5):
 PSYoungGen      total 373248K, used 357432K [0x00000000e0000000, 0x00000000ffa00000, 0x0000000100000000)
  eden space 339456K, 100% used [0x00000000e0000000,0x00000000f4b80000,0x00000000f4b80000)
  from space 33792K, 53% used [0x00000000f4b80000,0x00000000f5d0e1d0,0x00000000f6c80000)
  to   space 34304K, 0% used [0x00000000fd880000,0x00000000fd880000,0x00000000ffa00000)
 ParOldGen       total 156672K, used 106167K [0x00000000a0000000, 0x00000000a9900000, 0x00000000e0000000)
  object space 156672K, 67% used [0x00000000a0000000,0x00000000a67adf48,0x00000000a9900000)
 Metaspace       used 71009K, capacity 73822K, committed 73984K, reserved 1114112K
  class space    used 9053K, capacity 9684K, committed 9728K, reserved 1048576K
Event: 569.512 GC heap after
Heap after GC invocations=31 (full 5):
 PSYoungGen      total 458240K, used 34288K [0x00000000e0000000, 0x00000000ffa00000, 0x0000000100000000)
  eden space 423936K, 0% used [0x00000000e0000000,0x00000000e0000000,0x00000000f9e00000)
  from space 34304K, 99% used [0x00000000fd880000,0x00000000ff9fc1a0,0x00000000ffa00000)
  to   space 47104K, 0% used [0x00000000f9e00000,0x00000000f9e00000,0x00000000fcc00000)
 ParOldGen       total 156672K, used 124766K [0x00000000a0000000, 0x00000000a9900000, 0x00000000e0000000)
  object space 156672K, 79% used [0x00000000a0000000,0x00000000a79d79f8,0x00000000a9900000)
 Metaspace       used 71009K, capacity 73822K, committed 73984K, reserved 1114112K
  class space    used 9053K, capacity 9684K, committed 9728K, reserved 1048576K
}
Event: 571.476 GC heap before
{Heap before GC invocations=32 (full 5):
 PSYoungGen      total 458240K, used 458224K [0x00000000e0000000, 0x00000000ffa00000, 0x0000000100000000)
  eden space 423936K, 100% used [0x00000000e0000000,0x00000000f9e00000,0x00000000f9e00000)
  from space 34304K, 99% used [0x00000000fd880000,0x00000000ff9fc1a0,0x00000000ffa00000)
  to   space 47104K, 0% used [0x00000000f9e00000,0x00000000f9e00000,0x00000000fcc00000)
 ParOldGen       total 156672K, used 124766K [0x00000000a0000000, 0x00000000a9900000, 0x00000000e0000000)
  object space 156672K, 79% used [0x00000000a0000000,0x00000000a79d79f8,0x00000000a9900000)
 Metaspace       used 71104K, capacity 73886K, committed 73984K, reserved 1114112K
  class space    used 9055K, capacity 9684K, committed 9728K, reserved 1048576K
Event: 571.662 GC heap after
Heap after GC invocations=32 (full 5):
 PSYoungGen      total 471040K, used 47084K [0x00000000e0000000, 0x0000000100000000, 0x0000000100000000)
  eden space 423936K, 0% used [0x00000000e0000000,0x00000000e0000000,0x00000000f9e00000)
  from space 47104K, 99% used [0x00000000f9e00000,0x00000000fcbfb160,0x00000000fcc00000)
  to   space 53248K, 0% used [0x00000000fcc00000,0x00000000fcc00000,0x0000000100000000)
 ParOldGen       total 156672K, used 155987K [0x00000000a0000000, 0x00000000a9900000, 0x00000000e0000000)
  object space 156672K, 99% used [0x00000000a0000000,0x00000000a9854f28,0x00000000a9900000)
 Metaspace       used 71104K, capacity 73886K, committed 73984K, reserved 1114112K
  class space    used 9055K, capacity 9684K, committed 9728K, reserved 1048576K
}
Event: 571.662 GC heap before
{Heap before GC invocations=33 (full 6):
 PSYoungGen      total 471040K, used 47084K [0x00000000e0000000, 0x0000000100000000, 0x0000000100000000)
  eden space 423936K, 0% used [0x00000000e0000000,0x00000000e0000000,0x00000000f9e00000)
  from space 47104K, 99% used [0x00000000f9e00000,0x00000000fcbfb160,0x00000000fcc00000)
  to   space 53248K, 0% used [0x00000000fcc00000,0x00000000fcc00000,0x0000000100000000)
 ParOldGen       total 156672K, used 155987K [0x00000000a0000000, 0x00000000a9900000, 0x00000000e0000000)
  object space 156672K, 99% used [0x00000000a0000000,0x00000000a9854f28,0x00000000a9900000)
 Metaspace       used 71104K, capacity 73886K, committed 73984K, reserved 1114112K
  class space    used 9055K, capacity 9684K, committed 9728K, reserved 1048576K
Event: 572.877 GC heap after
Heap after GC invocations=33 (full 6):
 PSYoungGen      total 471040K, used 0K [0x00000000e0000000, 0x0000000100000000, 0x0000000100000000)
  eden space 423936K, 0% used [0x00000000e0000000,0x00000000e0000000,0x00000000f9e00000)
  from space 47104K, 0% used [0x00000000f9e00000,0x00000000f9e00000,0x00000000fcc00000)
  to   space 53248K, 0% used [0x00000000fcc00000,0x00000000fcc00000,0x0000000100000000)
 ParOldGen       total 156672K, used 152089K [0x00000000a0000000, 0x00000000a9900000, 0x00000000e0000000)
  object space 156672K, 97% used [0x00000000a0000000,0x00000000a94867d8,0x00000000a9900000)
 Metaspace       used 71089K, capacity 73846K, committed 73984K, reserved 1114112K
  class space    used 9049K, capacity 9674K, committed 9728K, reserved 1048576K
}
Event: 574.766 GC heap before
{Heap before GC invocations=34 (full 7):
 PSYoungGen      total 471040K, used 423936K [0x00000000e0000000, 0x0000000100000000, 0x0000000100000000)
  eden space 423936K, 100% used [0x00000000e0000000,0x00000000f9e00000,0x00000000f9e00000)
  from space 47104K, 0% used [0x00000000f9e00000,0x00000000f9e00000,0x00000000fcc00000)
  to   space 53248K, 0% used [0x00000000fcc00000,0x00000000fcc00000,0x0000000100000000)
 ParOldGen       total 156672K, used 152089K [0x00000000a0000000, 0x00000000a9900000, 0x00000000e0000000)
  object space 156672K, 97% used [0x00000000a0000000,0x00000000a94867d8,0x00000000a9900000)
 Metaspace       used 71119K, capacity 73910K, committed 74240K, reserved 1114112K
  class space    used 9050K, capacity 9674K, committed 9728K, reserved 1048576K
Event: 575.103 GC heap after
Heap after GC invocations=34 (full 7):
 PSYoungGen      total 471040K, used 0K [0x00000000e0000000, 0x0000000100000000, 0x0000000100000000)
  eden space 423936K, 0% used [0x00000000e0000000,0x00000000e0000000,0x00000000f9e00000)
  from space 47104K, 0% used [0x00000000f9e00000,0x00000000f9e00000,0x00000000fcc00000)
  to   space 53248K, 0% used [0x00000000fcc00000,0x00000000fcc00000,0x0000000100000000)
 ParOldGen       total 156672K, used 105887K [0x00000000a0000000, 0x00000000a9900000, 0x00000000e0000000)
  object space 156672K, 67% used [0x00000000a0000000,0x00000000a6767ca0,0x00000000a9900000)
 Metaspace       used 71119K, capacity 73910K, committed 74240K, reserved 1114112K
  class space    used 9050K, capacity 9674K, committed 9728K, reserved 1048576K
}

